<?xml version="1.0" encoding="UTF-8"?>
<testng-results ignored="0" total="6" passed="6" failed="0" skipped="0">
  <reporter-output>
  </reporter-output>
  <suite started-at="2023-12-14T15:53:34 IST" name="Default suite" finished-at="2023-12-14T15:53:44 IST" duration-ms="10211">
    <groups>
    </groups>
    <test started-at="2023-12-14T15:53:34 IST" name="Default test" finished-at="2023-12-14T15:53:44 IST" duration-ms="10211">
      <class name="Practice.Practice.BookTesting">
        <test-method signature="addbook(java.lang.String,java.lang.String)[pri:0, instance:Practice.Practice.BookTesting@4f18837a]" started-at="2023-12-14T15:53:34 IST" name="addbook" data-provider="BooksData" finished-at="2023-12-14T15:53:42 IST" duration-ms="7936" status="PASS">
          <params>
            <param index="0">
              <value>
                <![CDATA[abcde]]>
              </value>
            </param>
            <param index="1">
              <value>
                <![CDATA[12345]]>
              </value>
            </param>
          </params>
          <reporter-output>
          </reporter-output>
        </test-method> <!-- addbook -->
        <test-method signature="addbook(java.lang.String,java.lang.String)[pri:0, instance:Practice.Practice.BookTesting@4f18837a]" started-at="2023-12-14T15:53:42 IST" name="addbook" data-provider="BooksData" finished-at="2023-12-14T15:53:44 IST" duration-ms="1802" status="PASS">
          <params>
            <param index="0">
              <value>
                <![CDATA[defgh]]>
              </value>
            </param>
            <param index="1">
              <value>
                <![CDATA[45678]]>
              </value>
            </param>
          </params>
          <reporter-output>
          </reporter-output>
        </test-method> <!-- addbook -->
        <test-method signature="addbook(java.lang.String,java.lang.String)[pri:0, instance:Practice.Practice.BookTesting@4f18837a]" started-at="2023-12-14T15:53:44 IST" name="addbook" data-provider="BooksData" finished-at="2023-12-14T15:53:44 IST" duration-ms="104" status="PASS">
          <params>
            <param index="0">
              <value>
                <![CDATA[ghijk]]>
              </value>
            </param>
            <param index="1">
              <value>
                <![CDATA[78901]]>
              </value>
            </param>
          </params>
          <reporter-output>
          </reporter-output>
        </test-method> <!-- addbook -->
        <test-method signature="deletebook(java.lang.String,java.lang.String)[pri:0, instance:Practice.Practice.BookTesting@4f18837a]" started-at="2023-12-14T15:53:44 IST" name="deletebook" data-provider="BooksData" finished-at="2023-12-14T15:53:44 IST" duration-ms="99" status="PASS">
          <params>
            <param index="0">
              <value>
                <![CDATA[abcde]]>
              </value>
            </param>
            <param index="1">
              <value>
                <![CDATA[12345]]>
              </value>
            </param>
          </params>
          <reporter-output>
          </reporter-output>
        </test-method> <!-- deletebook -->
        <test-method signature="deletebook(java.lang.String,java.lang.String)[pri:0, instance:Practice.Practice.BookTesting@4f18837a]" started-at="2023-12-14T15:53:44 IST" name="deletebook" data-provider="BooksData" finished-at="2023-12-14T15:53:44 IST" duration-ms="74" status="PASS">
          <params>
            <param index="0">
              <value>
                <![CDATA[defgh]]>
              </value>
            </param>
            <param index="1">
              <value>
                <![CDATA[45678]]>
              </value>
            </param>
          </params>
          <reporter-output>
          </reporter-output>
        </test-method> <!-- deletebook -->
        <test-method signature="deletebook(java.lang.String,java.lang.String)[pri:0, instance:Practice.Practice.BookTesting@4f18837a]" started-at="2023-12-14T15:53:44 IST" name="deletebook" data-provider="BooksData" finished-at="2023-12-14T15:53:44 IST" duration-ms="74" status="PASS">
          <params>
            <param index="0">
              <value>
                <![CDATA[ghijk]]>
              </value>
            </param>
            <param index="1">
              <value>
                <![CDATA[78901]]>
              </value>
            </param>
          </params>
          <reporter-output>
          </reporter-output>
        </test-method> <!-- deletebook -->
      </class> <!-- Practice.Practice.BookTesting -->
    </test> <!-- Default test -->
  </suite> <!-- Default suite -->
</testng-results>
